<?xml version="1.0" encoding="UTF-8"?>
<!-- Generated by org.testng.reporters.JUnitReportReporter -->
<testsuite skipped="0" hostname="NBLAP105" name="com.eltropy.twitterApi.TweetsApiExecution" tests="4" failures="0" timestamp="19 Feb 2021 15:07:07 GMT" time="127.392" errors="0">
  <testcase name="top10FriendsWithMaxNuberOfFollowers" time="4.240" classname="com.eltropy.twitterApi.TweetsApiExecution"/>
  <testcase name="twitterApitoGetfriendsOfAuser" time="37.965" classname="com.eltropy.twitterApi.TweetsApiExecution"/>
  <testcase name="twitterApiToGetuserTweetsList" time="83.995" classname="com.eltropy.twitterApi.TweetsApiExecution"/>
  <testcase name="twitterApiToGetTop10MostReTweetsCount" time="1.192" classname="com.eltropy.twitterApi.TweetsApiExecution"/>
</testsuite> <!-- com.eltropy.twitterApi.TweetsApiExecution -->
