<?xml version="1.0" encoding="UTF-8"?>
<!-- Generated by org.testng.reporters.JUnitReportReporter -->
<testsuite skipped="0" hostname="NBLAP105" name="com.eltropy.twitterApi.TwitterApiExecution" tests="4" failures="0" timestamp="23 Feb 2021 07:50:58 GMT" time="126.720" errors="0">
  <testcase name="twitterApiToGetuserTweetsList" time="81.557" classname="com.eltropy.twitterApi.TwitterApiExecution"/>
  <testcase name="top10FriendsWithMaxNumberOfFollowers" time="3.999" classname="com.eltropy.twitterApi.TwitterApiExecution"/>
  <testcase name="twitterApiToGetTop10MostReTweetsCount" time="4.014" classname="com.eltropy.twitterApi.TwitterApiExecution"/>
  <testcase name="twitterApitoGetfriendsOfAuser" time="37.150" classname="com.eltropy.twitterApi.TwitterApiExecution"/>
</testsuite> <!-- com.eltropy.twitterApi.TwitterApiExecution -->
